<?xml version="1.0" encoding="UTF-8"?>
<testsuite xmlns:xsi="http://www.w3.org/2001/XMLSchema-instance" xsi:noNamespaceSchemaLocation="https://maven.apache.org/surefire/maven-surefire-plugin/xsd/surefire-test-report.xsd" name="org.apache.nifi.processors.WriteResourceToStreamTest" time="0.059" tests="1" errors="1" skipped="0" failures="0">
  <properties>
[...]
</properties>
  <testcase name="testProcessor" classname="org.apache.nifi.processors.WriteResourceToStreamTest" time="0.008">
    <error message="org/apache/nifi/processors/WriteResourceToStream" type="java.lang.NoClassDefFoundError">java.lang.NoClassDefFoundError: org/apache/nifi/processors/WriteResourceToStream
	at org.apache.nifi.processors.WriteResourceToStreamTest.init(WriteResourceToStreamTest.java:32)
Caused by: java.lang.ClassNotFoundException: org.apache.nifi.processors.WriteResourceToStream
	at org.apache.nifi.processors.WriteResourceToStreamTest.init(WriteResourceToStreamTest.java:32)
</error>
  </testcase>
</testsuite>